This file contains any messages produced by compilers while
running configure, to aid debugging if configure makes a mistake.

It was created by SZ configure 2.1, which was
generated by GNU Autoconf 2.69.  Invocation command line was

  $ ./configure --no-create --no-recursion

## --------- ##
## Platform. ##
## --------- ##

hostname = localhost.localdomain
uname -m = x86_64
uname -r = 5.10.23-200.fc33.x86_64
uname -s = Linux
uname -v = #1 SMP Thu Mar 11 22:18:30 UTC 2021

/usr/bin/uname -p = x86_64
/bin/uname -X     = unknown

/bin/arch              = x86_64
/usr/bin/arch -k       = unknown
/usr/convex/getsysinfo = unknown
/usr/bin/hostinfo      = unknown
/bin/machine           = unknown
/usr/bin/oslevel       = unknown
/bin/universe          = unknown

PATH: .
PATH: /home/sdi/Install/sz-2.1.11-install/bin
PATH: /home/sdi/Commands
PATH: /home/sdi/Install/qcat-install/bin
PATH: .
PATH: /home/sdi/Install/sz-2.1.11-install/bin
PATH: /home/sdi/Commands
PATH: /home/sdi/Install/qcat-install/bin
PATH: /home/sdi/.local/bin
PATH: /home/sdi/bin
PATH: /usr/local/bin
PATH: /usr/local/sbin
PATH: /usr/bin
PATH: /usr/sbin
PATH: /var/lib/snapd/snap/bin


## ----------- ##
## Core tests. ##
## ----------- ##

configure:2456: checking for a BSD-compatible install
configure:2524: result: /usr/bin/install -c
configure:2535: checking whether build environment is sane
configure:2590: result: yes
configure:2739: checking for a thread-safe mkdir -p
configure:2778: result: /usr/bin/mkdir -p
configure:2785: checking for gawk
configure:2801: found /usr/bin/gawk
configure:2812: result: gawk
configure:2823: checking whether make sets $(MAKE)
configure:2845: result: yes
configure:2874: checking whether make supports nested variables
configure:2891: result: yes
configure:3071: checking for gcc
configure:3087: found /usr/bin/gcc
configure:3098: result: gcc
configure:3327: checking for C compiler version
configure:3336: gcc --version >&5
gcc (GCC) 10.2.1 20201125 (Red Hat 10.2.1-9)
Copyright (C) 2020 Free Software Foundation, Inc.
This is free software; see the source for copying conditions.  There is NO
warranty; not even for MERCHANTABILITY or FITNESS FOR A PARTICULAR PURPOSE.

configure:3347: $? = 0
configure:3336: gcc -v >&5
Using built-in specs.
COLLECT_GCC=gcc
COLLECT_LTO_WRAPPER=/usr/libexec/gcc/x86_64-redhat-linux/10/lto-wrapper
OFFLOAD_TARGET_NAMES=nvptx-none
OFFLOAD_TARGET_DEFAULT=1
Target: x86_64-redhat-linux
Configured with: ../configure --enable-bootstrap --enable-languages=c,c++,fortran,objc,obj-c++,ada,go,d,lto --prefix=/usr --mandir=/usr/share/man --infodir=/usr/share/info --with-bugurl=http://bugzilla.redhat.com/bugzilla --enable-shared --enable-threads=posix --enable-checking=release --enable-multilib --with-system-zlib --enable-__cxa_atexit --disable-libunwind-exceptions --enable-gnu-unique-object --enable-linker-build-id --with-gcc-major-version-only --with-linker-hash-style=gnu --enable-plugin --enable-initfini-array --with-isl --enable-offload-targets=nvptx-none --without-cuda-driver --enable-gnu-indirect-function --enable-cet --with-tune=generic --with-arch_32=i686 --build=x86_64-redhat-linux
Thread model: posix
Supported LTO compression algorithms: zlib zstd
gcc version 10.2.1 20201125 (Red Hat 10.2.1-9) (GCC) 
... rest of stderr output deleted ...
configure:3347: $? = 0
configure:3336: gcc -V >&5
gcc: error: unrecognized command-line option '-V'
gcc: fatal error: no input files
compilation terminated.
configure:3347: $? = 1
configure:3336: gcc -qversion >&5
gcc: error: unrecognized command-line option '-qversion'; did you mean '--version'?
gcc: fatal error: no input files
compilation terminated.
configure:3347: $? = 1
configure:3367: checking whether the C compiler works
configure:3389: gcc -O3 -std=c99 -Wall   conftest.c  >&5
configure:3393: $? = 0
configure:3441: result: yes
configure:3444: checking for C compiler default output file name
configure:3446: result: a.out
configure:3452: checking for suffix of executables
configure:3459: gcc -o conftest -O3 -std=c99 -Wall   conftest.c  >&5
configure:3463: $? = 0
configure:3485: result: 
configure:3507: checking whether we are cross compiling
configure:3515: gcc -o conftest -O3 -std=c99 -Wall   conftest.c  >&5
configure:3519: $? = 0
configure:3526: ./conftest
configure:3530: $? = 0
configure:3518: result: no
configure:3523: checking for suffix of object files
configure:3545: gcc -c -O3 -std=c99 -Wall  conftest.c >&5
configure:3549: $? = 0
configure:3570: result: o
configure:3574: checking whether we are using the GNU C compiler
configure:3593: gcc -c -O3 -std=c99 -Wall  conftest.c >&5
configure:3593: $? = 0
configure:3602: result: yes
configure:3611: checking whether gcc accepts -g
configure:3631: gcc -c -g  conftest.c >&5
configure:3631: $? = 0
configure:3672: result: yes
configure:3689: checking for gcc option to accept ISO C89
configure:3752: gcc  -c -O3 -std=c99 -Wall  conftest.c >&5
configure:3752: $? = 0
configure:3765: result: none needed
configure:3790: checking whether gcc understands -c and -o together
configure:3812: gcc -c conftest.c -o conftest2.o
configure:3815: $? = 0
configure:3812: gcc -c conftest.c -o conftest2.o
configure:3815: $? = 0
configure:3827: result: yes
configure:3847: checking whether make supports the include directive
configure:3862: make -f confmf.GNU && cat confinc.out
make[1]: Entering directory '/home/sdi/Development/SZ_C_Version/github/SZx'
make[1]: Leaving directory '/home/sdi/Development/SZ_C_Version/github/SZx'
this is the am__doit target
configure:3865: $? = 0
configure:3884: result: yes (GNU style)
configure:3909: checking dependency style of gcc
configure:4020: result: gcc3
configure:4088: checking for gfortran
configure:4104: found /usr/bin/gfortran
configure:4115: result: gfortran
configure:4141: checking for Fortran compiler version
configure:4150: gfortran --version >&5
GNU Fortran (GCC) 10.2.1 20201125 (Red Hat 10.2.1-9)
Copyright (C) 2020 Free Software Foundation, Inc.
This is free software; see the source for copying conditions.  There is NO
warranty; not even for MERCHANTABILITY or FITNESS FOR A PARTICULAR PURPOSE.

configure:4161: $? = 0
configure:4150: gfortran -v >&5
Using built-in specs.
COLLECT_GCC=gfortran
COLLECT_LTO_WRAPPER=/usr/libexec/gcc/x86_64-redhat-linux/10/lto-wrapper
OFFLOAD_TARGET_NAMES=nvptx-none
OFFLOAD_TARGET_DEFAULT=1
Target: x86_64-redhat-linux
Configured with: ../configure --enable-bootstrap --enable-languages=c,c++,fortran,objc,obj-c++,ada,go,d,lto --prefix=/usr --mandir=/usr/share/man --infodir=/usr/share/info --with-bugurl=http://bugzilla.redhat.com/bugzilla --enable-shared --enable-threads=posix --enable-checking=release --enable-multilib --with-system-zlib --enable-__cxa_atexit --disable-libunwind-exceptions --enable-gnu-unique-object --enable-linker-build-id --with-gcc-major-version-only --with-linker-hash-style=gnu --enable-plugin --enable-initfini-array --with-isl --enable-offload-targets=nvptx-none --without-cuda-driver --enable-gnu-indirect-function --enable-cet --with-tune=generic --with-arch_32=i686 --build=x86_64-redhat-linux
Thread model: posix
Supported LTO compression algorithms: zlib zstd
gcc version 10.2.1 20201125 (Red Hat 10.2.1-9) (GCC) 
... rest of stderr output deleted ...
configure:4161: $? = 0
configure:4150: gfortran -V >&5
gfortran: error: unrecognized command-line option '-V'
gfortran: fatal error: no input files
compilation terminated.
configure:4161: $? = 1
configure:4150: gfortran -qversion >&5
gfortran: error: unrecognized command-line option '-qversion'; did you mean '--version'?
gfortran: fatal error: no input files
compilation terminated.
configure:4161: $? = 1
configure:4170: checking whether we are using the GNU Fortran compiler
configure:4183: gfortran -c   conftest.F >&5
configure:4183: $? = 0
configure:4192: result: yes
configure:4198: checking whether gfortran accepts -g
configure:4209: gfortran -c -g  conftest.f >&5
configure:4209: $? = 0
configure:4217: result: yes
configure:4289: checking for ranlib
configure:4305: found /usr/bin/ranlib
configure:4316: result: ranlib
configure:4388: checking for ar
configure:4404: found /usr/bin/ar
configure:4415: result: ar
configure:4441: checking the archiver (ar) interface
configure:4457: gcc -c -O3 -std=c99 -Wall  conftest.c >&5
configure:4457: $? = 0
configure:4459: ar cru libconftest.a conftest.o >&5
configure:4462: $? = 0
configure:4461: result: ar
configure:4510: checking build system type
configure:4524: result: x86_64-unknown-linux-gnu
configure:4544: checking host system type
configure:4557: result: x86_64-unknown-linux-gnu
configure:4598: checking how to print strings
configure:4625: result: printf
configure:4646: checking for a sed that does not truncate output
configure:4710: result: /usr/bin/sed
configure:4728: checking for grep that handles long lines and -e
configure:4786: result: /usr/bin/grep
configure:4791: checking for egrep
configure:4853: result: /usr/bin/grep -E
configure:4858: checking for fgrep
configure:4920: result: /usr/bin/grep -F
configure:4955: checking for ld used by gcc
configure:5022: result: /usr/bin/ld
configure:5029: checking if the linker (/usr/bin/ld) is GNU ld
configure:5044: result: yes
configure:5056: checking for BSD- or MS-compatible name lister (nm)
configure:5110: result: /usr/bin/nm -B
configure:5240: checking the name lister (/usr/bin/nm -B) interface
configure:5247: gcc -c -O3 -std=c99 -Wall  conftest.c >&5
configure:5250: /usr/bin/nm -B "conftest.o"
configure:5253: output
0000000000000000 B some_variable
configure:5254: result: BSD nm
configure:5257: checking whether ln -s works
configure:5261: result: yes
configure:5269: checking the maximum length of command line arguments
configure:5400: result: 1572864
configure:5448: checking how to convert x86_64-unknown-linux-gnu file names to x86_64-unknown-linux-gnu format
configure:5488: result: func_convert_file_noop
configure:5495: checking how to convert x86_64-unknown-linux-gnu file names to toolchain format
configure:5515: result: func_convert_file_noop
configure:5522: checking for /usr/bin/ld option to reload object files
configure:5529: result: -r
configure:5603: checking for objdump
configure:5619: found /usr/bin/objdump
configure:5630: result: objdump
configure:5662: checking how to recognize dependent libraries
configure:5862: result: pass_all
configure:5947: checking for dlltool
configure:5977: result: no
configure:6007: checking how to associate runtime and link libraries
configure:6034: result: printf %s\n
configure:6158: checking for archiver @FILE support
configure:6175: gcc -c -O3 -std=c99 -Wall  conftest.c >&5
configure:6175: $? = 0
configure:6178: ar cru libconftest.a @conftest.lst >&5
configure:6181: $? = 0
configure:6186: ar cru libconftest.a @conftest.lst >&5
ar: conftest.o: No such file or directory
configure:6189: $? = 1
configure:6188: result: @
configure:6246: checking for strip
configure:6262: found /usr/bin/strip
configure:6273: result: strip
configure:6345: checking for ranlib
configure:6372: result: ranlib
configure:6474: checking command to parse /usr/bin/nm -B output from gcc object
configure:6627: gcc -c -O3 -std=c99 -Wall  conftest.c >&5
configure:6630: $? = 0
configure:6634: /usr/bin/nm -B conftest.o \| sed -n -e 's/^.*[ ]\([ABCDGIRSTW][ABCDGIRSTW]*\)[ ][ ]*\([_A-Za-z][_A-Za-z0-9]*\)$/\1 \2 \2/p' | sed '/ __gnu_lto/d' \> conftest.nm
configure:6637: $? = 0
configure:6703: gcc -o conftest -O3 -std=c99 -Wall   conftest.c conftstm.o >&5
configure:6706: $? = 0
configure:6744: result: ok
configure:6791: checking for sysroot
configure:6821: result: no
configure:6828: checking for a working dd
configure:6866: result: /usr/bin/dd
configure:6870: checking how to truncate binary pipes
configure:6885: result: /usr/bin/dd bs=4096 count=1
configure:7021: gcc -c -O3 -std=c99 -Wall  conftest.c >&5
configure:7024: $? = 0
configure:7214: checking for mt
configure:7244: result: no
configure:7264: checking if : is a manifest tool
configure:7270: : '-?'
configure:7278: result: no
configure:7955: checking how to run the C preprocessor
configure:7986: gcc -E  conftest.c
configure:7986: $? = 0
configure:8000: gcc -E  conftest.c
conftest.c:11:10: fatal error: ac_nonexistent.h: No such file or directory
   11 | #include <ac_nonexistent.h>
      |          ^~~~~~~~~~~~~~~~~~
compilation terminated.
configure:8000: $? = 1
configure: failed program was:
| /* confdefs.h */
| #define PACKAGE_NAME "SZ"
| #define PACKAGE_TARNAME "sz"
| #define PACKAGE_VERSION "2.1"
| #define PACKAGE_STRING "SZ 2.1"
| #define PACKAGE_BUGREPORT "sdi1@anl.gov"
| #define PACKAGE_URL ""
| #define PACKAGE "sz"
| #define VERSION "2.1"
| /* end confdefs.h.  */
| #include <ac_nonexistent.h>
configure:8025: result: gcc -E
configure:8045: gcc -E  conftest.c
configure:8045: $? = 0
configure:8059: gcc -E  conftest.c
conftest.c:11:10: fatal error: ac_nonexistent.h: No such file or directory
   11 | #include <ac_nonexistent.h>
      |          ^~~~~~~~~~~~~~~~~~
compilation terminated.
configure:8059: $? = 1
configure: failed program was:
| /* confdefs.h */
| #define PACKAGE_NAME "SZ"
| #define PACKAGE_TARNAME "sz"
| #define PACKAGE_VERSION "2.1"
| #define PACKAGE_STRING "SZ 2.1"
| #define PACKAGE_BUGREPORT "sdi1@anl.gov"
| #define PACKAGE_URL ""
| #define PACKAGE "sz"
| #define VERSION "2.1"
| /* end confdefs.h.  */
| #include <ac_nonexistent.h>
configure:8088: checking for ANSI C header files
configure:8108: gcc -c -O3 -std=c99 -Wall  conftest.c >&5
configure:8108: $? = 0
configure:8181: gcc -o conftest -O3 -std=c99 -Wall   conftest.c  >&5
configure:8181: $? = 0
configure:8181: ./conftest
configure:8181: $? = 0
configure:8192: result: yes
configure:8205: checking for sys/types.h
configure:8205: gcc -c -O3 -std=c99 -Wall  conftest.c >&5
configure:8205: $? = 0
configure:8205: result: yes
configure:8205: checking for sys/stat.h
configure:8205: gcc -c -O3 -std=c99 -Wall  conftest.c >&5
configure:8205: $? = 0
configure:8205: result: yes
configure:8205: checking for stdlib.h
configure:8205: gcc -c -O3 -std=c99 -Wall  conftest.c >&5
configure:8205: $? = 0
configure:8205: result: yes
configure:8205: checking for string.h
configure:8205: gcc -c -O3 -std=c99 -Wall  conftest.c >&5
configure:8205: $? = 0
configure:8205: result: yes
configure:8205: checking for memory.h
configure:8205: gcc -c -O3 -std=c99 -Wall  conftest.c >&5
configure:8205: $? = 0
configure:8205: result: yes
configure:8205: checking for strings.h
configure:8205: gcc -c -O3 -std=c99 -Wall  conftest.c >&5
configure:8205: $? = 0
configure:8205: result: yes
configure:8205: checking for inttypes.h
configure:8205: gcc -c -O3 -std=c99 -Wall  conftest.c >&5
configure:8205: $? = 0
configure:8205: result: yes
configure:8205: checking for stdint.h
configure:8205: gcc -c -O3 -std=c99 -Wall  conftest.c >&5
configure:8205: $? = 0
configure:8205: result: yes
configure:8205: checking for unistd.h
configure:8205: gcc -c -O3 -std=c99 -Wall  conftest.c >&5
configure:8205: $? = 0
configure:8205: result: yes
configure:8219: checking for dlfcn.h
configure:8219: gcc -c -O3 -std=c99 -Wall  conftest.c >&5
configure:8219: $? = 0
configure:8219: result: yes
configure:8486: checking for objdir
configure:8501: result: .libs
configure:8761: checking if gcc supports -fno-rtti -fno-exceptions
configure:8779: gcc -c -O3 -std=c99 -Wall  -fno-rtti -fno-exceptions conftest.c >&5
cc1: warning: command-line option '-fno-rtti' is valid for C++/D/ObjC++ but not for C
configure:8783: $? = 0
configure:8796: result: no
configure:9154: checking for gcc option to produce PIC
configure:9161: result: -fPIC -DPIC
configure:9169: checking if gcc PIC flag -fPIC -DPIC works
configure:9187: gcc -c -O3 -std=c99 -Wall  -fPIC -DPIC -DPIC conftest.c >&5
configure:9191: $? = 0
configure:9204: result: yes
configure:9233: checking if gcc static flag -static works
configure:9261: result: no
configure:9276: checking if gcc supports -c -o file.o
configure:9297: gcc -c -O3 -std=c99 -Wall  -o out/conftest2.o conftest.c >&5
configure:9301: $? = 0
configure:9323: result: yes
configure:9331: checking if gcc supports -c -o file.o
configure:9378: result: yes
configure:9411: checking whether the gcc linker (/usr/bin/ld -m elf_x86_64) supports shared libraries
configure:10670: result: yes
configure:10707: checking whether -lc should be explicitly linked in
configure:10715: gcc -c -O3 -std=c99 -Wall  conftest.c >&5
configure:10718: $? = 0
configure:10733: gcc -shared  -fPIC -DPIC conftest.o  -v -Wl,-soname -Wl,conftest -o conftest 2\>\&1 \| /usr/bin/grep  -lc  \>/dev/null 2\>\&1
configure:10736: $? = 0
configure:10750: result: no
configure:10910: checking dynamic linker characteristics
configure:11491: gcc -o conftest -O3 -std=c99 -Wall   -Wl,-rpath -Wl,/foo conftest.c  >&5
configure:11491: $? = 0
configure:11731: result: GNU/Linux ld.so
configure:11853: checking how to hardcode library paths into programs
configure:11878: result: immediate
configure:12426: checking whether stripping libraries is possible
configure:12431: result: yes
configure:12466: checking if libtool supports shared libraries
configure:12468: result: yes
configure:12471: checking whether to build shared libraries
configure:12496: result: yes
configure:12499: checking whether to build static libraries
configure:12503: result: yes
configure:9414: checking if libtool supports shared libraries
configure:9416: result: yes
configure:9419: checking whether to build shared libraries
configure:9443: result: yes
configure:9446: checking whether to build static libraries
configure:9450: result: yes
configure:9484: gfortran -c -g -O2  conftest.f >&5
configure:9487: $? = 0
configure:9965: checking for gfortran option to produce PIC
configure:9972: result: -fPIC
configure:9980: checking if gfortran PIC flag -fPIC works
configure:9998: gfortran -c -g -O2 -fPIC  conftest.f >&5
configure:10002: $? = 0
configure:10015: result: yes
configure:10038: checking if gfortran static flag -static works
configure:10066: result: no
configure:10078: checking if gfortran supports -c -o file.o
configure:10099: gfortran -c -g -O2 -o out/conftest2.o  conftest.f >&5
configure:10103: $? = 0
configure:10125: result: yes
configure:10130: checking if gfortran supports -c -o file.o
configure:10177: result: yes
configure:10207: checking whether the gfortran linker (/usr/bin/ld -m elf_x86_64) supports shared libraries
configure:11416: result: yes
configure:11557: checking dynamic linker characteristics
configure:12299: result: GNU/Linux ld.so
configure:12364: checking how to hardcode library paths into programs
configure:12389: result: immediate
configure:10129: checking whether to enable maintainer-specific portions of Makefiles
configure:10138: result: no
configure:10160: checking fcntl.h usability
configure:10160: gcc -c -O3 -std=c99 -Wall  conftest.c >&5
configure:10160: $? = 0
configure:10160: result: yes
configure:10160: checking fcntl.h presence
configure:10160: gcc -E  conftest.c
configure:10160: $? = 0
configure:10160: result: yes
configure:10160: checking for fcntl.h
configure:10160: result: yes
configure:10160: checking limits.h usability
configure:10160: gcc -c -O3 -std=c99 -Wall  conftest.c >&5
configure:10160: $? = 0
configure:10160: result: yes
configure:10160: checking limits.h presence
configure:10160: gcc -E  conftest.c
configure:10160: $? = 0
configure:10160: result: yes
configure:10160: checking for limits.h
configure:10160: result: yes
configure:10160: checking malloc.h usability
configure:10160: gcc -c -O3 -std=c99 -Wall  conftest.c >&5
configure:10160: $? = 0
configure:10160: result: yes
configure:10160: checking malloc.h presence
configure:10160: gcc -E  conftest.c
configure:10160: $? = 0
configure:10160: result: yes
configure:10160: checking for malloc.h
configure:10160: result: yes
configure:10160: checking stddef.h usability
configure:10160: gcc -c -O3 -std=c99 -Wall  conftest.c >&5
configure:10160: $? = 0
configure:10160: result: yes
configure:10160: checking stddef.h presence
configure:10160: gcc -E  conftest.c
configure:10160: $? = 0
configure:10160: result: yes
configure:10160: checking for stddef.h
configure:10160: result: yes
configure:10160: checking for stdlib.h
configure:10160: result: yes
configure:10160: checking for string.h
configure:10160: result: yes
configure:10160: checking sys/time.h usability
configure:10160: gcc -c -O3 -std=c99 -Wall  conftest.c >&5
configure:10160: $? = 0
configure:10160: result: yes
configure:10160: checking sys/time.h presence
configure:10160: gcc -E  conftest.c
configure:10160: $? = 0
configure:10160: result: yes
configure:10160: checking for sys/time.h
configure:10160: result: yes
configure:10160: checking for unistd.h
configure:10160: result: yes
configure:10469: WARNING: GSL disabled
configure:10773: checking for size_t
configure:10773: gcc -c -O3 -std=c99 -Wall  conftest.c >&5
configure:10773: $? = 0
configure:10773: gcc -c -O3 -std=c99 -Wall  conftest.c >&5
conftest.c: In function 'main':
conftest.c:67:21: error: expected expression before ')' token
   67 | if (sizeof ((size_t)))
      |                     ^
configure:10773: $? = 1
configure: failed program was:
| /* confdefs.h */
| #define PACKAGE_NAME "SZ"
| #define PACKAGE_TARNAME "sz"
| #define PACKAGE_VERSION "2.1"
| #define PACKAGE_STRING "SZ 2.1"
| #define PACKAGE_BUGREPORT "sdi1@anl.gov"
| #define PACKAGE_URL ""
| #define PACKAGE "sz"
| #define VERSION "2.1"
| #define STDC_HEADERS 1
| #define HAVE_SYS_TYPES_H 1
| #define HAVE_SYS_STAT_H 1
| #define HAVE_STDLIB_H 1
| #define HAVE_STRING_H 1
| #define HAVE_MEMORY_H 1
| #define HAVE_STRINGS_H 1
| #define HAVE_INTTYPES_H 1
| #define HAVE_STDINT_H 1
| #define HAVE_UNISTD_H 1
| #define HAVE_DLFCN_H 1
| #define LT_OBJDIR ".libs/"
| #define HAVE_FCNTL_H 1
| #define HAVE_LIMITS_H 1
| #define HAVE_MALLOC_H 1
| #define HAVE_STDDEF_H 1
| #define HAVE_STDLIB_H 1
| #define HAVE_STRING_H 1
| #define HAVE_SYS_TIME_H 1
| #define HAVE_UNISTD_H 1
| /* end confdefs.h.  */
| #include <stdio.h>
| #ifdef HAVE_SYS_TYPES_H
| # include <sys/types.h>
| #endif
| #ifdef HAVE_SYS_STAT_H
| # include <sys/stat.h>
| #endif
| #ifdef STDC_HEADERS
| # include <stdlib.h>
| # include <stddef.h>
| #else
| # ifdef HAVE_STDLIB_H
| #  include <stdlib.h>
| # endif
| #endif
| #ifdef HAVE_STRING_H
| # if !defined STDC_HEADERS && defined HAVE_MEMORY_H
| #  include <memory.h>
| # endif
| # include <string.h>
| #endif
| #ifdef HAVE_STRINGS_H
| # include <strings.h>
| #endif
| #ifdef HAVE_INTTYPES_H
| # include <inttypes.h>
| #endif
| #ifdef HAVE_STDINT_H
| # include <stdint.h>
| #endif
| #ifdef HAVE_UNISTD_H
| # include <unistd.h>
| #endif
| int
| main ()
| {
| if (sizeof ((size_t)))
| 	    return 0;
|   ;
|   return 0;
| }
configure:10773: result: yes
configure:10784: checking for ptrdiff_t
configure:10784: gcc -c -O3 -std=c99 -Wall  conftest.c >&5
configure:10784: $? = 0
configure:10784: gcc -c -O3 -std=c99 -Wall  conftest.c >&5
conftest.c: In function 'main':
conftest.c:67:24: error: expected expression before ')' token
   67 | if (sizeof ((ptrdiff_t)))
      |                        ^
configure:10784: $? = 1
configure: failed program was:
| /* confdefs.h */
| #define PACKAGE_NAME "SZ"
| #define PACKAGE_TARNAME "sz"
| #define PACKAGE_VERSION "2.1"
| #define PACKAGE_STRING "SZ 2.1"
| #define PACKAGE_BUGREPORT "sdi1@anl.gov"
| #define PACKAGE_URL ""
| #define PACKAGE "sz"
| #define VERSION "2.1"
| #define STDC_HEADERS 1
| #define HAVE_SYS_TYPES_H 1
| #define HAVE_SYS_STAT_H 1
| #define HAVE_STDLIB_H 1
| #define HAVE_STRING_H 1
| #define HAVE_MEMORY_H 1
| #define HAVE_STRINGS_H 1
| #define HAVE_INTTYPES_H 1
| #define HAVE_STDINT_H 1
| #define HAVE_UNISTD_H 1
| #define HAVE_DLFCN_H 1
| #define LT_OBJDIR ".libs/"
| #define HAVE_FCNTL_H 1
| #define HAVE_LIMITS_H 1
| #define HAVE_MALLOC_H 1
| #define HAVE_STDDEF_H 1
| #define HAVE_STDLIB_H 1
| #define HAVE_STRING_H 1
| #define HAVE_SYS_TIME_H 1
| #define HAVE_UNISTD_H 1
| /* end confdefs.h.  */
| #include <stdio.h>
| #ifdef HAVE_SYS_TYPES_H
| # include <sys/types.h>
| #endif
| #ifdef HAVE_SYS_STAT_H
| # include <sys/stat.h>
| #endif
| #ifdef STDC_HEADERS
| # include <stdlib.h>
| # include <stddef.h>
| #else
| # ifdef HAVE_STDLIB_H
| #  include <stdlib.h>
| # endif
| #endif
| #ifdef HAVE_STRING_H
| # if !defined STDC_HEADERS && defined HAVE_MEMORY_H
| #  include <memory.h>
| # endif
| # include <string.h>
| #endif
| #ifdef HAVE_STRINGS_H
| # include <strings.h>
| #endif
| #ifdef HAVE_INTTYPES_H
| # include <inttypes.h>
| #endif
| #ifdef HAVE_STDINT_H
| # include <stdint.h>
| #endif
| #ifdef HAVE_UNISTD_H
| # include <unistd.h>
| #endif
| int
| main ()
| {
| if (sizeof ((ptrdiff_t)))
| 	    return 0;
|   ;
|   return 0;
| }
configure:10784: result: yes
configure:10798: checking for stdlib.h
configure:10798: result: yes
configure:10808: checking for GNU libc compatible malloc
configure:10832: gcc -o conftest -O3 -std=c99 -Wall   conftest.c  >&5
configure:10832: $? = 0
configure:10832: ./conftest
configure:10832: $? = 0
configure:10842: result: yes
configure:10865: checking for stdlib.h
configure:10865: result: yes
configure:10875: checking for GNU libc compatible realloc
configure:10899: gcc -o conftest -O3 -std=c99 -Wall   conftest.c  >&5
configure:10899: $? = 0
configure:10899: ./conftest
configure:10899: $? = 0
configure:10909: result: yes
configure:10933: checking for memchr
configure:10933: gcc -o conftest -O3 -std=c99 -Wall   conftest.c  >&5
conftest.c:59:6: warning: conflicting types for built-in function 'memchr'; expected 'void *(const void *, int,  long unsigned int)' [-Wbuiltin-declaration-mismatch]
   59 | char memchr ();
      |      ^~~~~~
conftest.c:47:1: note: 'memchr' is declared in header '<string.h>'
   46 | # include <limits.h>
   47 | #else
configure:10933: $? = 0
configure:10933: result: yes
configure:10933: checking for memset
configure:10933: gcc -o conftest -O3 -std=c99 -Wall   conftest.c  >&5
conftest.c:60:6: warning: conflicting types for built-in function 'memset'; expected 'void *(void *, int,  long unsigned int)' [-Wbuiltin-declaration-mismatch]
   60 | char memset ();
      |      ^~~~~~
conftest.c:48:1: note: 'memset' is declared in header '<string.h>'
   47 | # include <limits.h>
   48 | #else
configure:10933: $? = 0
configure:10933: result: yes
configure:10933: checking for strchr
configure:10933: gcc -o conftest -O3 -std=c99 -Wall   conftest.c  >&5
conftest.c:61:6: warning: conflicting types for built-in function 'strchr'; expected 'char *(const char *, int)' [-Wbuiltin-declaration-mismatch]
   61 | char strchr ();
      |      ^~~~~~
conftest.c:49:1: note: 'strchr' is declared in header '<string.h>'
   48 | # include <limits.h>
   49 | #else
configure:10933: $? = 0
configure:10933: result: yes
configure:10933: checking for strtol
configure:10933: gcc -o conftest -O3 -std=c99 -Wall   conftest.c  >&5
configure:10933: $? = 0
configure:10933: result: yes
configure:11046: checking that generated files are newer than configure
configure:11052: result: done
configure:11107: creating ./config.status

## ---------------- ##
## Cache variables. ##
## ---------------- ##

ac_cv_build=x86_64-unknown-linux-gnu
ac_cv_c_compiler_gnu=yes
ac_cv_env_CC_set=
ac_cv_env_CC_value=
ac_cv_env_CFLAGS_set=
ac_cv_env_CFLAGS_value=
ac_cv_env_CPPFLAGS_set=
ac_cv_env_CPPFLAGS_value=
ac_cv_env_CPP_set=
ac_cv_env_CPP_value=
ac_cv_env_FCFLAGS_set=
ac_cv_env_FCFLAGS_value=
ac_cv_env_FC_set=
ac_cv_env_FC_value=
ac_cv_env_LDFLAGS_set=
ac_cv_env_LDFLAGS_value=
ac_cv_env_LIBS_set=
ac_cv_env_LIBS_value=
ac_cv_env_LT_SYS_LIBRARY_PATH_set=
ac_cv_env_LT_SYS_LIBRARY_PATH_value=
ac_cv_env_build_alias_set=
ac_cv_env_build_alias_value=
ac_cv_env_host_alias_set=
ac_cv_env_host_alias_value=
ac_cv_env_target_alias_set=
ac_cv_env_target_alias_value=
ac_cv_fc_compiler_gnu=yes
ac_cv_func_malloc_0_nonnull=yes
ac_cv_func_memchr=yes
ac_cv_func_memset=yes
ac_cv_func_realloc_0_nonnull=yes
ac_cv_func_strchr=yes
ac_cv_func_strtol=yes
ac_cv_header_dlfcn_h=yes
ac_cv_header_fcntl_h=yes
ac_cv_header_inttypes_h=yes
ac_cv_header_limits_h=yes
ac_cv_header_malloc_h=yes
ac_cv_header_memory_h=yes
ac_cv_header_stdc=yes
ac_cv_header_stddef_h=yes
ac_cv_header_stdint_h=yes
ac_cv_header_stdlib_h=yes
ac_cv_header_string_h=yes
ac_cv_header_strings_h=yes
ac_cv_header_sys_stat_h=yes
ac_cv_header_sys_time_h=yes
ac_cv_header_sys_types_h=yes
ac_cv_header_unistd_h=yes
ac_cv_host=x86_64-unknown-linux-gnu
ac_cv_objext=o
ac_cv_path_EGREP='/usr/bin/grep -E'
ac_cv_path_FGREP='/usr/bin/grep -F'
ac_cv_path_GREP=/usr/bin/grep
ac_cv_path_SED=/usr/bin/sed
ac_cv_path_install='/usr/bin/install -c'
ac_cv_path_lt_DD=/usr/bin/dd
ac_cv_path_mkdir=/usr/bin/mkdir
ac_cv_prog_AWK=gawk
ac_cv_prog_CPP='gcc -E'
ac_cv_prog_ac_ct_AR=ar
ac_cv_prog_ac_ct_CC=gcc
ac_cv_prog_ac_ct_FC=gfortran
ac_cv_prog_ac_ct_OBJDUMP=objdump
ac_cv_prog_ac_ct_RANLIB=ranlib
ac_cv_prog_ac_ct_STRIP=strip
ac_cv_prog_cc_c89=
ac_cv_prog_cc_g=yes
ac_cv_prog_fc_g=yes
ac_cv_prog_make_make_set=yes
ac_cv_type_ptrdiff_t=yes
ac_cv_type_size_t=yes
am_cv_CC_dependencies_compiler_type=gcc3
am_cv_ar_interface=ar
am_cv_make_support_nested_variables=yes
am_cv_prog_cc_c_o=yes
lt_cv_ar_at_file=@
lt_cv_archive_cmds_need_lc=no
lt_cv_deplibs_check_method=pass_all
lt_cv_file_magic_cmd='$MAGIC_CMD'
lt_cv_file_magic_test_file=
lt_cv_ld_reload_flag=-r
lt_cv_nm_interface='BSD nm'
lt_cv_objdir=.libs
lt_cv_path_LD=/usr/bin/ld
lt_cv_path_NM='/usr/bin/nm -B'
lt_cv_path_mainfest_tool=no
lt_cv_prog_compiler_c_o=yes
lt_cv_prog_compiler_c_o_FC=yes
lt_cv_prog_compiler_pic='-fPIC -DPIC'
lt_cv_prog_compiler_pic_FC=-fPIC
lt_cv_prog_compiler_pic_works=yes
lt_cv_prog_compiler_pic_works_FC=yes
lt_cv_prog_compiler_rtti_exceptions=no
lt_cv_prog_compiler_static_works=no
lt_cv_prog_compiler_static_works_FC=no
lt_cv_prog_gnu_ld=yes
lt_cv_sharedlib_from_linklib_cmd='printf %s\n'
lt_cv_shlibpath_overrides_runpath=no
lt_cv_sys_global_symbol_pipe='sed -n -e '\''s/^.*[	 ]\([ABCDGIRSTW][ABCDGIRSTW]*\)[	 ][	 ]*\([_A-Za-z][_A-Za-z0-9]*\)$/\1 \2 \2/p'\'' | sed '\''/ __gnu_lto/d'\'''
lt_cv_sys_global_symbol_to_c_name_address='sed -n -e '\''s/^: \(.*\) .*$/  {"\1", (void *) 0},/p'\'' -e '\''s/^[ABCDGIRSTW][ABCDGIRSTW]* .* \(.*\)$/  {"\1", (void *) \&\1},/p'\'''
lt_cv_sys_global_symbol_to_c_name_address_lib_prefix='sed -n -e '\''s/^: \(.*\) .*$/  {"\1", (void *) 0},/p'\'' -e '\''s/^[ABCDGIRSTW][ABCDGIRSTW]* .* \(lib.*\)$/  {"\1", (void *) \&\1},/p'\'' -e '\''s/^[ABCDGIRSTW][ABCDGIRSTW]* .* \(.*\)$/  {"lib\1", (void *) \&\1},/p'\'''
lt_cv_sys_global_symbol_to_cdecl='sed -n -e '\''s/^T .* \(.*\)$/extern int \1();/p'\'' -e '\''s/^[ABCDGIRSTW][ABCDGIRSTW]* .* \(.*\)$/extern char \1;/p'\'''
lt_cv_sys_global_symbol_to_import=
lt_cv_sys_max_cmd_len=1572864
lt_cv_to_host_file_cmd=func_convert_file_noop
lt_cv_to_tool_file_cmd=func_convert_file_noop
lt_cv_truncate_bin='/usr/bin/dd bs=4096 count=1'

## ----------------- ##
## Output variables. ##
## ----------------- ##

ACLOCAL='${SHELL} /home/sdi/Development/SZ_C_Version/github/SZx/missing aclocal-1.16'
AMDEPBACKSLASH='\'
AMDEP_FALSE='#'
AMDEP_TRUE=''
AMTAR='$${TAR-tar}'
AM_BACKSLASH='\'
AM_DEFAULT_V='$(AM_DEFAULT_VERBOSITY)'
AM_DEFAULT_VERBOSITY='1'
AM_V='$(V)'
AR='ar'
AUTOCONF='${SHELL} /home/sdi/Development/SZ_C_Version/github/SZx/missing autoconf'
AUTOHEADER='${SHELL} /home/sdi/Development/SZ_C_Version/github/SZx/missing autoheader'
AUTOMAKE='${SHELL} /home/sdi/Development/SZ_C_Version/github/SZx/missing automake-1.16'
AWK='gawk'
CC='gcc'
CCDEPMODE='depmode=gcc3'
CFLAGS='-O3 -std=c99 -Wall'
CPP='gcc -E'
CPPFLAGS=''
CYGPATH_W='echo'
DEFS='-DHAVE_CONFIG_H'
DEPDIR='.deps'
DLLTOOL='false'
DSYMUTIL=''
DUMPBIN=''
ECHO_C=''
ECHO_N='-n'
ECHO_T=''
EGREP='/usr/bin/grep -E'
EXEEXT=''
FC='gfortran'
FCFLAGS='-g -O2'
FGREP='/usr/bin/grep -F'
FORTRAN_FALSE=''
FORTRAN_TRUE='#'
GREP='/usr/bin/grep'
GSL_CFLAGS=''
GSL_CONFIG=''
GSL_FALSE=''
GSL_HDR=''
GSL_LIB=''
GSL_LIBS=''
GSL_STATIC=''
GSL_TRUE='#'
INSTALL_DATA='${INSTALL} -m 644'
INSTALL_PROGRAM='${INSTALL}'
INSTALL_SCRIPT='${INSTALL}'
INSTALL_STRIP_PROGRAM='$(install_sh) -c -s'
LD='/usr/bin/ld -m elf_x86_64'
LDFLAGS=''
LIBOBJS=''
LIBS=''
LIBTOOL='$(SHELL) $(top_builddir)/libtool'
LIPO=''
LN_S='ln -s'
LTLIBOBJS=''
LT_SYS_LIBRARY_PATH=''
MAINT='#'
MAINTAINER_MODE_FALSE=''
MAINTAINER_MODE_TRUE='#'
MAKEINFO='${SHELL} /home/sdi/Development/SZ_C_Version/github/SZx/missing makeinfo'
MANIFEST_TOOL=':'
MKDIR_P='/usr/bin/mkdir -p'
NM='/usr/bin/nm -B'
NMEDIT=''
OBJDUMP='objdump'
OBJEXT='o'
OPENMP_FALSE=''
OPENMP_FLAGS=''
OPENMP_TRUE='#'
OTOOL64=''
OTOOL=''
PACKAGE='sz'
PACKAGE_BUGREPORT='sdi1@anl.gov'
PACKAGE_NAME='SZ'
PACKAGE_STRING='SZ 2.1'
PACKAGE_TARNAME='sz'
PACKAGE_URL=''
PACKAGE_VERSION='2.1'
PASTRI_FALSE=''
PASTRI_FLAGS=''
PASTRI_TRUE='#'
PATH_SEPARATOR=':'
RANDOMACCESS_FALSE=''
RANDOMACCESS_FLAGS=''
RANDOMACCESS_TRUE='#'
RANLIB='ranlib'
SED='/usr/bin/sed'
SET_MAKE=''
SHELL='/bin/sh'
STRIP='strip'
TIMECMPR_FALSE=''
TIMECMPR_FLAGS=''
TIMECMPR_TRUE='#'
VERSION='2.1'
WRITESTATS_FALSE=''
WRITESTATS_FLAGS=''
WRITESTATS_TRUE='#'
ac_ct_AR='ar'
ac_ct_CC='gcc'
ac_ct_DUMPBIN=''
ac_ct_FC='gfortran'
am__EXEEXT_FALSE=''
am__EXEEXT_TRUE='#'
am__fastdepCC_FALSE='#'
am__fastdepCC_TRUE=''
am__include='include'
am__isrc=''
am__leading_dot='.'
am__nodep='_no'
am__quote=''
am__tar='$${TAR-tar} chof - "$$tardir"'
am__untar='$${TAR-tar} xf -'
bindir='${exec_prefix}/bin'
build='x86_64-unknown-linux-gnu'
build_alias=''
build_cpu='x86_64'
build_os='linux-gnu'
build_vendor='unknown'
datadir='${datarootdir}'
datarootdir='${prefix}/share'
docdir='${datarootdir}/doc/${PACKAGE_TARNAME}'
dvidir='${docdir}'
exec_prefix='${prefix}'
host='x86_64-unknown-linux-gnu'
host_alias=''
host_cpu='x86_64'
host_os='linux-gnu'
host_vendor='unknown'
htmldir='${docdir}'
includedir='${prefix}/include'
infodir='${datarootdir}/info'
install_sh='${SHELL} /home/sdi/Development/SZ_C_Version/github/SZx/install-sh'
libdir='${exec_prefix}/lib'
libexecdir='${exec_prefix}/libexec'
localedir='${datarootdir}/locale'
localstatedir='${prefix}/var'
mandir='${datarootdir}/man'
mkdir_p='$(MKDIR_P)'
oldincludedir='/usr/include'
pdfdir='${docdir}'
prefix='/usr/local'
program_transform_name='s,x,x,'
psdir='${docdir}'
sbindir='${exec_prefix}/sbin'
sharedstatedir='${prefix}/com'
sysconfdir='${prefix}/etc'
target_alias=''

## ----------- ##
## confdefs.h. ##
## ----------- ##

/* confdefs.h */
#define PACKAGE_NAME "SZ"
#define PACKAGE_TARNAME "sz"
#define PACKAGE_VERSION "2.1"
#define PACKAGE_STRING "SZ 2.1"
#define PACKAGE_BUGREPORT "sdi1@anl.gov"
#define PACKAGE_URL ""
#define PACKAGE "sz"
#define VERSION "2.1"
#define STDC_HEADERS 1
#define HAVE_SYS_TYPES_H 1
#define HAVE_SYS_STAT_H 1
#define HAVE_STDLIB_H 1
#define HAVE_STRING_H 1
#define HAVE_MEMORY_H 1
#define HAVE_STRINGS_H 1
#define HAVE_INTTYPES_H 1
#define HAVE_STDINT_H 1
#define HAVE_UNISTD_H 1
#define HAVE_DLFCN_H 1
#define LT_OBJDIR ".libs/"
#define HAVE_FCNTL_H 1
#define HAVE_LIMITS_H 1
#define HAVE_MALLOC_H 1
#define HAVE_STDDEF_H 1
#define HAVE_STDLIB_H 1
#define HAVE_STRING_H 1
#define HAVE_SYS_TIME_H 1
#define HAVE_UNISTD_H 1
#define HAVE_PTRDIFF_T 1
#define HAVE_STDLIB_H 1
#define HAVE_MALLOC 1
#define HAVE_STDLIB_H 1
#define HAVE_REALLOC 1
#define HAVE_MEMCHR 1
#define HAVE_MEMSET 1
#define HAVE_STRCHR 1
#define HAVE_STRTOL 1

configure: exit 0

## ---------------------- ##
## Running config.status. ##
## ---------------------- ##

This file was extended by SZ config.status 2.1, which was
generated by GNU Autoconf 2.69.  Invocation command line was

  CONFIG_FILES    = 
  CONFIG_HEADERS  = 
  CONFIG_LINKS    = 
  CONFIG_COMMANDS = 
  $ ./config.status 

on localhost.localdomain

config.status:1190: creating Makefile
config.status:1190: creating sz/Makefile
config.status:1190: creating zlib/Makefile
config.status:1190: creating zstd/Makefile
config.status:1190: creating example/Makefile
config.status:1190: creating config.h
config.status:1371: config.h is unchanged
config.status:1419: executing depfiles commands
config.status:1496: cd sz       && sed -e '/# am--include-marker/d' Makefile         | make -f - am--depfiles
make[1]: Entering directory '/home/sdi/Development/SZ_C_Version/github/SZx/sz'
make[1]: Nothing to be done for 'am--depfiles'.
make[1]: Leaving directory '/home/sdi/Development/SZ_C_Version/github/SZx/sz'
config.status:1501: $? = 0
config.status:1496: cd zlib       && sed -e '/# am--include-marker/d' Makefile         | make -f - am--depfiles
make[1]: Entering directory '/home/sdi/Development/SZ_C_Version/github/SZx/zlib'
make[1]: Nothing to be done for 'am--depfiles'.
make[1]: Leaving directory '/home/sdi/Development/SZ_C_Version/github/SZx/zlib'
config.status:1501: $? = 0
config.status:1496: cd zstd       && sed -e '/# am--include-marker/d' Makefile         | make -f - am--depfiles
make[1]: Entering directory '/home/sdi/Development/SZ_C_Version/github/SZx/zstd'
make[1]: Nothing to be done for 'am--depfiles'.
make[1]: Leaving directory '/home/sdi/Development/SZ_C_Version/github/SZx/zstd'
config.status:1501: $? = 0
config.status:1496: cd example       && sed -e '/# am--include-marker/d' Makefile         | make -f - am--depfiles
make[1]: Entering directory '/home/sdi/Development/SZ_C_Version/github/SZx/example'
make[1]: Nothing to be done for 'am--depfiles'.
make[1]: Leaving directory '/home/sdi/Development/SZ_C_Version/github/SZx/example'
config.status:1501: $? = 0
config.status:1419: executing libtool commands
